2025-04-08 22:42:46.460749 - Received CBT.V508.FILE057.PDS from FILE057.XMI 
2025-04-08 22:42:46.463685 - Found $$$#DATE.txt (text/plain) in CBT.V508.FILE057.PDS, moved to PDS/$$$#DATE
2025-04-08 22:42:46.464415 - Found @FILE057.txt (text/plain) in CBT.V508.FILE057.PDS, moved to PDS/@FILE057
2025-04-08 22:42:46.465059 - Found DLXSLSS.txt (text/plain) in CBT.V508.FILE057.PDS, moved to PDS/DLXSLSS
2025-04-08 22:42:46.465729 - Found GENERCMD.txt (text/plain) in CBT.V508.FILE057.PDS, moved to PDS/GENERCMD
2025-04-08 22:42:46.466370 - Found GENPW.txt (text/plain) in CBT.V508.FILE057.PDS, moved to PDS/GENPW
2025-04-08 22:42:46.467041 - Found PHNPROOF.txt (text/plain) in CBT.V508.FILE057.PDS, moved to PDS/PHNPROOF
2025-04-08 22:42:46.467700 - Found PHONECHK.txt (text/plain) in CBT.V508.FILE057.PDS, moved to PDS/PHONECHK
2025-04-08 22:42:46.468267 - Found PHONEMP.txt (text/plain) in CBT.V508.FILE057.PDS, moved to PDS/PHONEMP
2025-04-08 22:42:46.468850 - Found PHONOPER.txt (text/plain) in CBT.V508.FILE057.PDS, moved to PDS/PHONOPER
2025-04-08 22:42:46.469508 - Found SLSSADMN.txt (text/plain) in CBT.V508.FILE057.PDS, moved to PDS/SLSSADMN
2025-04-08 22:42:46.470197 - Found SLSSBROW.txt (text/plain) in CBT.V508.FILE057.PDS, moved to PDS/SLSSBROW
2025-04-08 22:42:46.470838 - Found SLSSCMPR.txt (text/plain) in CBT.V508.FILE057.PDS, moved to PDS/SLSSCMPR
2025-04-08 22:42:46.471438 - Found SLSSDELT.txt (text/plain) in CBT.V508.FILE057.PDS, moved to PDS/SLSSDELT
2025-04-08 22:42:46.472101 - Found SLSSEDIT.txt (text/plain) in CBT.V508.FILE057.PDS, moved to PDS/SLSSEDIT
2025-04-08 22:42:46.472745 - Found SLSSENQ.txt (text/plain) in CBT.V508.FILE057.PDS, moved to PDS/SLSSENQ
2025-04-08 22:42:46.473375 - Found SLSSJOBC.txt (text/plain) in CBT.V508.FILE057.PDS, moved to PDS/SLSSJOBC
2025-04-08 22:42:46.474009 - Found SLSSLOCS.txt (text/plain) in CBT.V508.FILE057.PDS, moved to PDS/SLSSLOCS
2025-04-08 22:42:46.474667 - Found SLSSPRNT.txt (text/plain) in CBT.V508.FILE057.PDS, moved to PDS/SLSSPRNT
2025-04-08 22:42:46.475263 - Found SLSSPROF.txt (text/plain) in CBT.V508.FILE057.PDS, moved to PDS/SLSSPROF
2025-04-08 22:42:46.475992 - Found SLSSPRT1.txt (text/plain) in CBT.V508.FILE057.PDS, moved to PDS/SLSSPRT1
2025-04-08 22:42:46.476637 - Found SLSSPRT2.txt (text/plain) in CBT.V508.FILE057.PDS, moved to PDS/SLSSPRT2
2025-04-08 22:42:46.477356 - Found SLSSRCOV.txt (text/plain) in CBT.V508.FILE057.PDS, moved to PDS/SLSSRCOV
2025-04-08 22:42:46.478041 - Found SLSSSORT.txt (text/plain) in CBT.V508.FILE057.PDS, moved to PDS/SLSSSORT
2025-04-08 22:42:46.478683 - Found SLSSSUBS.txt (text/plain) in CBT.V508.FILE057.PDS, moved to PDS/SLSSSUBS
2025-04-08 22:42:46.479364 - Found USRALLOC.txt (text/plain) in CBT.V508.FILE057.PDS, moved to PDS/USRALLOC
2025-04-08 22:42:46.479970 - Found VERUSGRP.txt (text/plain) in CBT.V508.FILE057.PDS, moved to PDS/VERUSGRP
2025-04-08 22:42:46.480555 - Found XMITRCV.txt (text/plain) in CBT.V508.FILE057.PDS, moved to PDS/XMITRCV
2025-04-08 22:42:46.481180 - Found XMITRCV1.txt (text/plain) in CBT.V508.FILE057.PDS, moved to PDS/XMITRCV1
2025-04-08 22:42:46.481854 - Found XMITRCV2.txt (text/plain) in CBT.V508.FILE057.PDS, moved to PDS/XMITRCV2
2025-04-08 22:42:46.482449 - Found XMITRCV3.txt (text/plain) in CBT.V508.FILE057.PDS, moved to PDS/XMITRCV3
